生成启动时间为 2013/9/24 12:41:07。
     1>项目“D:\Documents\Downloads\lab1\SimpleGLUT.vcxproj”在节点 2 上(build 个目标)。
     1>InitializeBuildStatus:
         正在创建“.\Debug\SimpleGLUT.unsuccessfulbuild”，因为已指定“AlwaysCreate”。
       ClCompile:
         所有输出均为最新。
         c:\Program Files (x86)\Microsoft Visual Studio 10.0\VC\bin\CL.exe /c /ZI /nologo /W3 /WX- /Od /Oy- /D WIN32 /D _DEBUG /D _CONSOLE /D _VC80_UPGRADE=0x0600 /D _MBCS /Gm /EHsc /RTC1 /MTd /GS /Gy- /fp:precise /Zc:wchar_t /Zc:forScope /Yu"stdafx.h" /Fp".\Debug\SimpleGLUT.pch" /Fo".\Debug\\" /Fd".\Debug\vc100.pdb" /Gd /TP /analyze- /errorReport:prompt SimpleGLUT.cpp
         SimpleGLUT.cpp
       ManifestResourceCompile:
         所有输出均为最新。
       Link:
         c:\Program Files (x86)\Microsoft Visual Studio 10.0\VC\bin\link.exe /ERRORREPORT:PROMPT /OUT:".\Debug\SimpleGLUT.exe" /INCREMENTAL /NOLOGO glut32.lib odbc32.lib odbccp32.lib opengl32.lib glu32.lib kernel32.lib user32.lib gdi32.lib winspool.lib comdlg32.lib advapi32.lib shell32.lib ole32.lib oleaut32.lib uuid.lib odbc32.lib odbccp32.lib /MANIFEST /ManifestFile:".\Debug\SimpleGLUT.exe.intermediate.manifest" /MANIFESTUAC:"level='asInvoker' uiAccess='false'" /DEBUG /PDB:"D:\Documents\Downloads\lab1\Debug\SimpleGLUT.pdb" /SUBSYSTEM:CONSOLE /TLBID:1 /DYNAMICBASE /NXCOMPAT /IMPLIB:".\Debug\SimpleGLUT.lib" /MACHINE:X86 .\Debug\SimpleGLUT.exe.embed.manifest.res
         .\Debug\SimpleGLUT.obj
         .\Debug\StdAfx.obj
       Manifest:
         C:\Program Files (x86)\Microsoft SDKs\Windows\v7.0A\bin\mt.exe /nologo /verbose /out:".\Debug\SimpleGLUT.exe.embed.manifest" /manifest .\Debug\SimpleGLUT.exe.intermediate.manifest
         所有输出均为最新。
       LinkEmbedManifest:
         所有输出均为最新。
         SimpleGLUT.vcxproj -> D:\Documents\Downloads\lab1\.\Debug\SimpleGLUT.exe
       FinalizeBuildStatus:
         正在删除文件“.\Debug\SimpleGLUT.unsuccessfulbuild”。
         正在对“.\Debug\SimpleGLUT.lastbuildstate”执行 Touch 任务。
     1>已完成生成项目“D:\Documents\Downloads\lab1\SimpleGLUT.vcxproj”(build 个目标)的操作。

生成成功。

已用时间 00:00:02.18
