.\Debug\SimpleGLUT.pdb
C:\Users\wzhmmq\Desktop\class\graphic I\Zhihua Wang--G48459695--Assignment 2\Zhihua Wang--G48459695--Assignment 2\lab2\.\Debug\SimpleGLUT.exe.intermediate.manifest
C:\Users\wzhmmq\Desktop\class\graphic I\Zhihua Wang--G48459695--Assignment 2\Zhihua Wang--G48459695--Assignment 2\lab2\Debug\cl.command.1.tlog
C:\Users\wzhmmq\Desktop\class\graphic I\Zhihua Wang--G48459695--Assignment 2\Zhihua Wang--G48459695--Assignment 2\lab2\Debug\CL.read.1.tlog
C:\Users\wzhmmq\Desktop\class\graphic I\Zhihua Wang--G48459695--Assignment 2\Zhihua Wang--G48459695--Assignment 2\lab2\Debug\CL.write.1.tlog
C:\Users\wzhmmq\Desktop\class\graphic I\Zhihua Wang--G48459695--Assignment 2\Zhihua Wang--G48459695--Assignment 2\lab2\Debug\link.10892.read.1.tlog
C:\Users\wzhmmq\Desktop\class\graphic I\Zhihua Wang--G48459695--Assignment 2\Zhihua Wang--G48459695--Assignment 2\lab2\Debug\link.10892.write.1.tlog
C:\Users\wzhmmq\Desktop\class\graphic I\Zhihua Wang--G48459695--Assignment 2\Zhihua Wang--G48459695--Assignment 2\lab2\Debug\link.10892-cvtres.read.1.tlog
C:\Users\wzhmmq\Desktop\class\graphic I\Zhihua Wang--G48459695--Assignment 2\Zhihua Wang--G48459695--Assignment 2\lab2\Debug\link.10892-cvtres.write.1.tlog
C:\Users\wzhmmq\Desktop\class\graphic I\Zhihua Wang--G48459695--Assignment 2\Zhihua Wang--G48459695--Assignment 2\lab2\Debug\link.10924.read.1.tlog
C:\Users\wzhmmq\Desktop\class\graphic I\Zhihua Wang--G48459695--Assignment 2\Zhihua Wang--G48459695--Assignment 2\lab2\Debug\link.10924.write.1.tlog
C:\Users\wzhmmq\Desktop\class\graphic I\Zhihua Wang--G48459695--Assignment 2\Zhihua Wang--G48459695--Assignment 2\lab2\Debug\link.10924-cvtres.read.1.tlog
C:\Users\wzhmmq\Desktop\class\graphic I\Zhihua Wang--G48459695--Assignment 2\Zhihua Wang--G48459695--Assignment 2\lab2\Debug\link.10924-cvtres.write.1.tlog
C:\Users\wzhmmq\Desktop\class\graphic I\Zhihua Wang--G48459695--Assignment 2\Zhihua Wang--G48459695--Assignment 2\lab2\Debug\link.11080.read.1.tlog
C:\Users\wzhmmq\Desktop\class\graphic I\Zhihua Wang--G48459695--Assignment 2\Zhihua Wang--G48459695--Assignment 2\lab2\Debug\link.11080.write.1.tlog
C:\Users\wzhmmq\Desktop\class\graphic I\Zhihua Wang--G48459695--Assignment 2\Zhihua Wang--G48459695--Assignment 2\lab2\Debug\link.11080-cvtres.read.1.tlog
C:\Users\wzhmmq\Desktop\class\graphic I\Zhihua Wang--G48459695--Assignment 2\Zhihua Wang--G48459695--Assignment 2\lab2\Debug\link.11080-cvtres.write.1.tlog
C:\Users\wzhmmq\Desktop\class\graphic I\Zhihua Wang--G48459695--Assignment 2\Zhihua Wang--G48459695--Assignment 2\lab2\Debug\link.11200.read.1.tlog
C:\Users\wzhmmq\Desktop\class\graphic I\Zhihua Wang--G48459695--Assignment 2\Zhihua Wang--G48459695--Assignment 2\lab2\Debug\link.11200.write.1.tlog
C:\Users\wzhmmq\Desktop\class\graphic I\Zhihua Wang--G48459695--Assignment 2\Zhihua Wang--G48459695--Assignment 2\lab2\Debug\link.11200-cvtres.read.1.tlog
C:\Users\wzhmmq\Desktop\class\graphic I\Zhihua Wang--G48459695--Assignment 2\Zhihua Wang--G48459695--Assignment 2\lab2\Debug\link.11200-cvtres.write.1.tlog
C:\Users\wzhmmq\Desktop\class\graphic I\Zhihua Wang--G48459695--Assignment 2\Zhihua Wang--G48459695--Assignment 2\lab2\Debug\link.11212.read.1.tlog
C:\Users\wzhmmq\Desktop\class\graphic I\Zhihua Wang--G48459695--Assignment 2\Zhihua Wang--G48459695--Assignment 2\lab2\Debug\link.11212.write.1.tlog
C:\Users\wzhmmq\Desktop\class\graphic I\Zhihua Wang--G48459695--Assignment 2\Zhihua Wang--G48459695--Assignment 2\lab2\Debug\link.11212-cvtres.read.1.tlog
C:\Users\wzhmmq\Desktop\class\graphic I\Zhihua Wang--G48459695--Assignment 2\Zhihua Wang--G48459695--Assignment 2\lab2\Debug\link.11212-cvtres.write.1.tlog
C:\Users\wzhmmq\Desktop\class\graphic I\Zhihua Wang--G48459695--Assignment 2\Zhihua Wang--G48459695--Assignment 2\lab2\Debug\link.11464.read.1.tlog
C:\Users\wzhmmq\Desktop\class\graphic I\Zhihua Wang--G48459695--Assignment 2\Zhihua Wang--G48459695--Assignment 2\lab2\Debug\link.11464.write.1.tlog
C:\Users\wzhmmq\Desktop\class\graphic I\Zhihua Wang--G48459695--Assignment 2\Zhihua Wang--G48459695--Assignment 2\lab2\Debug\link.11464-cvtres.read.1.tlog
C:\Users\wzhmmq\Desktop\class\graphic I\Zhihua Wang--G48459695--Assignment 2\Zhihua Wang--G48459695--Assignment 2\lab2\Debug\link.11464-cvtres.write.1.tlog
C:\Users\wzhmmq\Desktop\class\graphic I\Zhihua Wang--G48459695--Assignment 2\Zhihua Wang--G48459695--Assignment 2\lab2\Debug\link.11588.read.1.tlog
C:\Users\wzhmmq\Desktop\class\graphic I\Zhihua Wang--G48459695--Assignment 2\Zhihua Wang--G48459695--Assignment 2\lab2\Debug\link.11588.write.1.tlog
C:\Users\wzhmmq\Desktop\class\graphic I\Zhihua Wang--G48459695--Assignment 2\Zhihua Wang--G48459695--Assignment 2\lab2\Debug\link.11588-cvtres.read.1.tlog
C:\Users\wzhmmq\Desktop\class\graphic I\Zhihua Wang--G48459695--Assignment 2\Zhihua Wang--G48459695--Assignment 2\lab2\Debug\link.11588-cvtres.write.1.tlog
C:\Users\wzhmmq\Desktop\class\graphic I\Zhihua Wang--G48459695--Assignment 2\Zhihua Wang--G48459695--Assignment 2\lab2\Debug\link.12044.read.1.tlog
C:\Users\wzhmmq\Desktop\class\graphic I\Zhihua Wang--G48459695--Assignment 2\Zhihua Wang--G48459695--Assignment 2\lab2\Debug\link.12044.write.1.tlog
C:\Users\wzhmmq\Desktop\class\graphic I\Zhihua Wang--G48459695--Assignment 2\Zhihua Wang--G48459695--Assignment 2\lab2\Debug\link.12044-cvtres.read.1.tlog
C:\Users\wzhmmq\Desktop\class\graphic I\Zhihua Wang--G48459695--Assignment 2\Zhihua Wang--G48459695--Assignment 2\lab2\Debug\link.12044-cvtres.write.1.tlog
C:\Users\wzhmmq\Desktop\class\graphic I\Zhihua Wang--G48459695--Assignment 2\Zhihua Wang--G48459695--Assignment 2\lab2\Debug\link.12704.read.1.tlog
C:\Users\wzhmmq\Desktop\class\graphic I\Zhihua Wang--G48459695--Assignment 2\Zhihua Wang--G48459695--Assignment 2\lab2\Debug\link.12704.write.1.tlog
C:\Users\wzhmmq\Desktop\class\graphic I\Zhihua Wang--G48459695--Assignment 2\Zhihua Wang--G48459695--Assignment 2\lab2\Debug\link.12704-cvtres.read.1.tlog
C:\Users\wzhmmq\Desktop\class\graphic I\Zhihua Wang--G48459695--Assignment 2\Zhihua Wang--G48459695--Assignment 2\lab2\Debug\link.12704-cvtres.write.1.tlog
C:\Users\wzhmmq\Desktop\class\graphic I\Zhihua Wang--G48459695--Assignment 2\Zhihua Wang--G48459695--Assignment 2\lab2\Debug\link.3556.read.1.tlog
C:\Users\wzhmmq\Desktop\class\graphic I\Zhihua Wang--G48459695--Assignment 2\Zhihua Wang--G48459695--Assignment 2\lab2\Debug\link.3556.write.1.tlog
C:\Users\wzhmmq\Desktop\class\graphic I\Zhihua Wang--G48459695--Assignment 2\Zhihua Wang--G48459695--Assignment 2\lab2\Debug\link.3556-cvtres.read.1.tlog
C:\Users\wzhmmq\Desktop\class\graphic I\Zhihua Wang--G48459695--Assignment 2\Zhihua Wang--G48459695--Assignment 2\lab2\Debug\link.3556-cvtres.write.1.tlog
C:\Users\wzhmmq\Desktop\class\graphic I\Zhihua Wang--G48459695--Assignment 2\Zhihua Wang--G48459695--Assignment 2\lab2\Debug\link.4828.read.1.tlog
C:\Users\wzhmmq\Desktop\class\graphic I\Zhihua Wang--G48459695--Assignment 2\Zhihua Wang--G48459695--Assignment 2\lab2\Debug\link.4828.write.1.tlog
C:\Users\wzhmmq\Desktop\class\graphic I\Zhihua Wang--G48459695--Assignment 2\Zhihua Wang--G48459695--Assignment 2\lab2\Debug\link.4828-cvtres.read.1.tlog
C:\Users\wzhmmq\Desktop\class\graphic I\Zhihua Wang--G48459695--Assignment 2\Zhihua Wang--G48459695--Assignment 2\lab2\Debug\link.4828-cvtres.write.1.tlog
C:\Users\wzhmmq\Desktop\class\graphic I\Zhihua Wang--G48459695--Assignment 2\Zhihua Wang--G48459695--Assignment 2\lab2\Debug\link.5500.read.1.tlog
C:\Users\wzhmmq\Desktop\class\graphic I\Zhihua Wang--G48459695--Assignment 2\Zhihua Wang--G48459695--Assignment 2\lab2\Debug\link.5500.write.1.tlog
C:\Users\wzhmmq\Desktop\class\graphic I\Zhihua Wang--G48459695--Assignment 2\Zhihua Wang--G48459695--Assignment 2\lab2\Debug\link.5500-cvtres.read.1.tlog
C:\Users\wzhmmq\Desktop\class\graphic I\Zhihua Wang--G48459695--Assignment 2\Zhihua Wang--G48459695--Assignment 2\lab2\Debug\link.5500-cvtres.write.1.tlog
C:\Users\wzhmmq\Desktop\class\graphic I\Zhihua Wang--G48459695--Assignment 2\Zhihua Wang--G48459695--Assignment 2\lab2\Debug\link.6600.read.1.tlog
C:\Users\wzhmmq\Desktop\class\graphic I\Zhihua Wang--G48459695--Assignment 2\Zhihua Wang--G48459695--Assignment 2\lab2\Debug\link.6600.write.1.tlog
C:\Users\wzhmmq\Desktop\class\graphic I\Zhihua Wang--G48459695--Assignment 2\Zhihua Wang--G48459695--Assignment 2\lab2\Debug\link.6600-cvtres.read.1.tlog
C:\Users\wzhmmq\Desktop\class\graphic I\Zhihua Wang--G48459695--Assignment 2\Zhihua Wang--G48459695--Assignment 2\lab2\Debug\link.6600-cvtres.write.1.tlog
C:\Users\wzhmmq\Desktop\class\graphic I\Zhihua Wang--G48459695--Assignment 2\Zhihua Wang--G48459695--Assignment 2\lab2\Debug\link.7496.read.1.tlog
C:\Users\wzhmmq\Desktop\class\graphic I\Zhihua Wang--G48459695--Assignment 2\Zhihua Wang--G48459695--Assignment 2\lab2\Debug\link.7496.write.1.tlog
C:\Users\wzhmmq\Desktop\class\graphic I\Zhihua Wang--G48459695--Assignment 2\Zhihua Wang--G48459695--Assignment 2\lab2\Debug\link.7496-cvtres.read.1.tlog
C:\Users\wzhmmq\Desktop\class\graphic I\Zhihua Wang--G48459695--Assignment 2\Zhihua Wang--G48459695--Assignment 2\lab2\Debug\link.7496-cvtres.write.1.tlog
C:\Users\wzhmmq\Desktop\class\graphic I\Zhihua Wang--G48459695--Assignment 2\Zhihua Wang--G48459695--Assignment 2\lab2\Debug\link.7560.read.1.tlog
C:\Users\wzhmmq\Desktop\class\graphic I\Zhihua Wang--G48459695--Assignment 2\Zhihua Wang--G48459695--Assignment 2\lab2\Debug\link.7560.write.1.tlog
C:\Users\wzhmmq\Desktop\class\graphic I\Zhihua Wang--G48459695--Assignment 2\Zhihua Wang--G48459695--Assignment 2\lab2\Debug\link.7560-cvtres.read.1.tlog
C:\Users\wzhmmq\Desktop\class\graphic I\Zhihua Wang--G48459695--Assignment 2\Zhihua Wang--G48459695--Assignment 2\lab2\Debug\link.7560-cvtres.write.1.tlog
C:\Users\wzhmmq\Desktop\class\graphic I\Zhihua Wang--G48459695--Assignment 2\Zhihua Wang--G48459695--Assignment 2\lab2\Debug\link.7684.read.1.tlog
C:\Users\wzhmmq\Desktop\class\graphic I\Zhihua Wang--G48459695--Assignment 2\Zhihua Wang--G48459695--Assignment 2\lab2\Debug\link.7684.write.1.tlog
C:\Users\wzhmmq\Desktop\class\graphic I\Zhihua Wang--G48459695--Assignment 2\Zhihua Wang--G48459695--Assignment 2\lab2\Debug\link.7928.read.1.tlog
C:\Users\wzhmmq\Desktop\class\graphic I\Zhihua Wang--G48459695--Assignment 2\Zhihua Wang--G48459695--Assignment 2\lab2\Debug\link.7928.write.1.tlog
C:\Users\wzhmmq\Desktop\class\graphic I\Zhihua Wang--G48459695--Assignment 2\Zhihua Wang--G48459695--Assignment 2\lab2\Debug\link.7928-cvtres.read.1.tlog
C:\Users\wzhmmq\Desktop\class\graphic I\Zhihua Wang--G48459695--Assignment 2\Zhihua Wang--G48459695--Assignment 2\lab2\Debug\link.7928-cvtres.write.1.tlog
C:\Users\wzhmmq\Desktop\class\graphic I\Zhihua Wang--G48459695--Assignment 2\Zhihua Wang--G48459695--Assignment 2\lab2\Debug\link.8004.read.1.tlog
C:\Users\wzhmmq\Desktop\class\graphic I\Zhihua Wang--G48459695--Assignment 2\Zhihua Wang--G48459695--Assignment 2\lab2\Debug\link.8004.write.1.tlog
C:\Users\wzhmmq\Desktop\class\graphic I\Zhihua Wang--G48459695--Assignment 2\Zhihua Wang--G48459695--Assignment 2\lab2\Debug\link.8004-cvtres.read.1.tlog
C:\Users\wzhmmq\Desktop\class\graphic I\Zhihua Wang--G48459695--Assignment 2\Zhihua Wang--G48459695--Assignment 2\lab2\Debug\link.8004-cvtres.write.1.tlog
C:\Users\wzhmmq\Desktop\class\graphic I\Zhihua Wang--G48459695--Assignment 2\Zhihua Wang--G48459695--Assignment 2\lab2\Debug\link.8112.read.1.tlog
C:\Users\wzhmmq\Desktop\class\graphic I\Zhihua Wang--G48459695--Assignment 2\Zhihua Wang--G48459695--Assignment 2\lab2\Debug\link.8112.write.1.tlog
C:\Users\wzhmmq\Desktop\class\graphic I\Zhihua Wang--G48459695--Assignment 2\Zhihua Wang--G48459695--Assignment 2\lab2\Debug\link.8112-cvtres.read.1.tlog
C:\Users\wzhmmq\Desktop\class\graphic I\Zhihua Wang--G48459695--Assignment 2\Zhihua Wang--G48459695--Assignment 2\lab2\Debug\link.8112-cvtres.write.1.tlog
C:\Users\wzhmmq\Desktop\class\graphic I\Zhihua Wang--G48459695--Assignment 2\Zhihua Wang--G48459695--Assignment 2\lab2\Debug\link.8692.read.1.tlog
C:\Users\wzhmmq\Desktop\class\graphic I\Zhihua Wang--G48459695--Assignment 2\Zhihua Wang--G48459695--Assignment 2\lab2\Debug\link.8692.write.1.tlog
C:\Users\wzhmmq\Desktop\class\graphic I\Zhihua Wang--G48459695--Assignment 2\Zhihua Wang--G48459695--Assignment 2\lab2\Debug\link.8692-cvtres.read.1.tlog
C:\Users\wzhmmq\Desktop\class\graphic I\Zhihua Wang--G48459695--Assignment 2\Zhihua Wang--G48459695--Assignment 2\lab2\Debug\link.8692-cvtres.write.1.tlog
C:\Users\wzhmmq\Desktop\class\graphic I\Zhihua Wang--G48459695--Assignment 2\Zhihua Wang--G48459695--Assignment 2\lab2\Debug\link.8948.read.1.tlog
C:\Users\wzhmmq\Desktop\class\graphic I\Zhihua Wang--G48459695--Assignment 2\Zhihua Wang--G48459695--Assignment 2\lab2\Debug\link.8948.write.1.tlog
C:\Users\wzhmmq\Desktop\class\graphic I\Zhihua Wang--G48459695--Assignment 2\Zhihua Wang--G48459695--Assignment 2\lab2\Debug\link.8948-cvtres.read.1.tlog
C:\Users\wzhmmq\Desktop\class\graphic I\Zhihua Wang--G48459695--Assignment 2\Zhihua Wang--G48459695--Assignment 2\lab2\Debug\link.8948-cvtres.write.1.tlog
C:\Users\wzhmmq\Desktop\class\graphic I\Zhihua Wang--G48459695--Assignment 2\Zhihua Wang--G48459695--Assignment 2\lab2\Debug\link.9292.read.1.tlog
C:\Users\wzhmmq\Desktop\class\graphic I\Zhihua Wang--G48459695--Assignment 2\Zhihua Wang--G48459695--Assignment 2\lab2\Debug\link.9292.write.1.tlog
C:\Users\wzhmmq\Desktop\class\graphic I\Zhihua Wang--G48459695--Assignment 2\Zhihua Wang--G48459695--Assignment 2\lab2\Debug\link.9292-cvtres.read.1.tlog
C:\Users\wzhmmq\Desktop\class\graphic I\Zhihua Wang--G48459695--Assignment 2\Zhihua Wang--G48459695--Assignment 2\lab2\Debug\link.9292-cvtres.write.1.tlog
C:\Users\wzhmmq\Desktop\class\graphic I\Zhihua Wang--G48459695--Assignment 2\Zhihua Wang--G48459695--Assignment 2\lab2\Debug\link.9436.read.1.tlog
C:\Users\wzhmmq\Desktop\class\graphic I\Zhihua Wang--G48459695--Assignment 2\Zhihua Wang--G48459695--Assignment 2\lab2\Debug\link.9436.write.1.tlog
C:\Users\wzhmmq\Desktop\class\graphic I\Zhihua Wang--G48459695--Assignment 2\Zhihua Wang--G48459695--Assignment 2\lab2\Debug\link.9436-cvtres.read.1.tlog
C:\Users\wzhmmq\Desktop\class\graphic I\Zhihua Wang--G48459695--Assignment 2\Zhihua Wang--G48459695--Assignment 2\lab2\Debug\link.9436-cvtres.write.1.tlog
C:\Users\wzhmmq\Desktop\class\graphic I\Zhihua Wang--G48459695--Assignment 2\Zhihua Wang--G48459695--Assignment 2\lab2\Debug\link.9704.read.1.tlog
C:\Users\wzhmmq\Desktop\class\graphic I\Zhihua Wang--G48459695--Assignment 2\Zhihua Wang--G48459695--Assignment 2\lab2\Debug\link.9704.write.1.tlog
C:\Users\wzhmmq\Desktop\class\graphic I\Zhihua Wang--G48459695--Assignment 2\Zhihua Wang--G48459695--Assignment 2\lab2\Debug\link.9704-cvtres.read.1.tlog
C:\Users\wzhmmq\Desktop\class\graphic I\Zhihua Wang--G48459695--Assignment 2\Zhihua Wang--G48459695--Assignment 2\lab2\Debug\link.9704-cvtres.write.1.tlog
C:\Users\wzhmmq\Desktop\class\graphic I\Zhihua Wang--G48459695--Assignment 2\Zhihua Wang--G48459695--Assignment 2\lab2\Debug\link.9900.read.1.tlog
C:\Users\wzhmmq\Desktop\class\graphic I\Zhihua Wang--G48459695--Assignment 2\Zhihua Wang--G48459695--Assignment 2\lab2\Debug\link.9900.write.1.tlog
C:\Users\wzhmmq\Desktop\class\graphic I\Zhihua Wang--G48459695--Assignment 2\Zhihua Wang--G48459695--Assignment 2\lab2\Debug\link.9900-cvtres.read.1.tlog
C:\Users\wzhmmq\Desktop\class\graphic I\Zhihua Wang--G48459695--Assignment 2\Zhihua Wang--G48459695--Assignment 2\lab2\Debug\link.9900-cvtres.write.1.tlog
C:\Users\wzhmmq\Desktop\class\graphic I\Zhihua Wang--G48459695--Assignment 2\Zhihua Wang--G48459695--Assignment 2\lab2\Debug\link.command.1.tlog
C:\Users\wzhmmq\Desktop\class\graphic I\Zhihua Wang--G48459695--Assignment 2\Zhihua Wang--G48459695--Assignment 2\lab2\Debug\link.read.1.tlog
C:\Users\wzhmmq\Desktop\class\graphic I\Zhihua Wang--G48459695--Assignment 2\Zhihua Wang--G48459695--Assignment 2\lab2\Debug\link.write.1.tlog
C:\Users\wzhmmq\Desktop\class\graphic I\Zhihua Wang--G48459695--Assignment 2\Zhihua Wang--G48459695--Assignment 2\lab2\Debug\link-cvtres.read.1.tlog
C:\Users\wzhmmq\Desktop\class\graphic I\Zhihua Wang--G48459695--Assignment 2\Zhihua Wang--G48459695--Assignment 2\lab2\Debug\link-cvtres.write.1.tlog
C:\Users\wzhmmq\Desktop\class\graphic I\Zhihua Wang--G48459695--Assignment 2\Zhihua Wang--G48459695--Assignment 2\lab2\Debug\mt.command.1.tlog
C:\Users\wzhmmq\Desktop\class\graphic I\Zhihua Wang--G48459695--Assignment 2\Zhihua Wang--G48459695--Assignment 2\lab2\Debug\mt.read.1.tlog
C:\Users\wzhmmq\Desktop\class\graphic I\Zhihua Wang--G48459695--Assignment 2\Zhihua Wang--G48459695--Assignment 2\lab2\Debug\mt.write.1.tlog
C:\Users\wzhmmq\Desktop\class\graphic I\Zhihua Wang--G48459695--Assignment 2\Zhihua Wang--G48459695--Assignment 2\lab2\Debug\rc.command.1.tlog
C:\Users\wzhmmq\Desktop\class\graphic I\Zhihua Wang--G48459695--Assignment 2\Zhihua Wang--G48459695--Assignment 2\lab2\Debug\rc.read.1.tlog
C:\Users\wzhmmq\Desktop\class\graphic I\Zhihua Wang--G48459695--Assignment 2\Zhihua Wang--G48459695--Assignment 2\lab2\Debug\rc.write.1.tlog
C:\Users\wzhmmq\Desktop\class\graphic I\Zhihua Wang--G48459695--Assignment 2\Zhihua Wang--G48459695--Assignment 2\lab2\Debug\SimpleGLUT.exe.embed.manifest
C:\USERS\WZHMMQ\DESKTOP\CLASS\GRAPHIC I\ZHIHUA WANG--G48459695--ASSIGNMENT 2\ZHIHUA WANG--G48459695--ASSIGNMENT 2\LAB2\DEBUG\SIMPLEGLUT.EXE.EMBED.MANIFEST.RES
C:\Users\wzhmmq\Desktop\class\graphic I\Zhihua Wang--G48459695--Assignment 2\Zhihua Wang--G48459695--Assignment 2\lab2\Debug\SimpleGLUT.exe.intermediate.manifest
C:\USERS\WZHMMQ\DESKTOP\CLASS\GRAPHIC I\ZHIHUA WANG--G48459695--ASSIGNMENT 2\ZHIHUA WANG--G48459695--ASSIGNMENT 2\LAB2\DEBUG\SIMPLEGLUT.OBJ
C:\USERS\WZHMMQ\DESKTOP\CLASS\GRAPHIC I\ZHIHUA WANG--G48459695--ASSIGNMENT 2\ZHIHUA WANG--G48459695--ASSIGNMENT 2\LAB2\DEBUG\SIMPLEGLUT.PCH
C:\Users\wzhmmq\Desktop\class\graphic I\Zhihua Wang--G48459695--Assignment 2\Zhihua Wang--G48459695--Assignment 2\lab2\Debug\SimpleGLUT.pdb
C:\Users\wzhmmq\Desktop\class\graphic I\Zhihua Wang--G48459695--Assignment 2\Zhihua Wang--G48459695--Assignment 2\lab2\Debug\SimpleGLUT.write.1.tlog
C:\Users\wzhmmq\Desktop\class\graphic I\Zhihua Wang--G48459695--Assignment 2\Zhihua Wang--G48459695--Assignment 2\lab2\Debug\SimpleGLUT_manifest.rc
C:\USERS\WZHMMQ\DESKTOP\CLASS\GRAPHIC I\ZHIHUA WANG--G48459695--ASSIGNMENT 2\ZHIHUA WANG--G48459695--ASSIGNMENT 2\LAB2\DEBUG\STDAFX.OBJ
C:\Users\wzhmmq\Desktop\class\graphic I\Zhihua Wang--G48459695--Assignment 2\Zhihua Wang--G48459695--Assignment 2\lab2\Debug\vc100.idb
C:\USERS\WZHMMQ\DESKTOP\CLASS\GRAPHIC I\ZHIHUA WANG--G48459695--ASSIGNMENT 2\ZHIHUA WANG--G48459695--ASSIGNMENT 2\LAB2\DEBUG\VC100.PDB
D:\DOCUMENTS\DOWNLOADS\CG1_LAB2\LAB2\DEBUG\SIMPLEGLUT.EXE
D:\DOCUMENTS\DOWNLOADS\CG1_LAB2\LAB2\DEBUG\SIMPLEGLUT.EXE.EMBED.MANIFEST
D:\DOCUMENTS\DOWNLOADS\CG1_LAB2\LAB2\DEBUG\SIMPLEGLUT.EXE.EMBED.MANIFEST.RES
D:\DOCUMENTS\DOWNLOADS\CG1_LAB2\LAB2\DEBUG\SIMPLEGLUT.EXE.INTERMEDIATE.MANIFEST
D:\DOCUMENTS\DOWNLOADS\CG1_LAB2\LAB2\DEBUG\SIMPLEGLUT.ILK
D:\DOCUMENTS\DOWNLOADS\CG1_LAB2\LAB2\DEBUG\SIMPLEGLUT.OBJ
D:\DOCUMENTS\DOWNLOADS\CG1_LAB2\LAB2\DEBUG\SIMPLEGLUT.PCH
D:\DOCUMENTS\DOWNLOADS\CG1_LAB2\LAB2\DEBUG\SIMPLEGLUT.PDB
D:\DOCUMENTS\DOWNLOADS\CG1_LAB2\LAB2\DEBUG\STDAFX.OBJ
D:\DOCUMENTS\DOWNLOADS\CG1_LAB2\LAB2\DEBUG\VC100.PDB
